<?xml version="1.0" encoding="UTF-8"?>
<robot generator="Robot 6.0.2 (Python 3.11.1 on win32)" generated="20230525 08:38:43.049" rpa="false" schemaversion="3">
<suite id="s1" name="Amazon Teste" source="C:\Users\andre.cosolin\Documents\André\ProjetoEstudoAutomacao\WebTesting\amazon_teste.robot">
<test id="s1-t1" name="Caso de Teste 04 - Remover Produto do Carrinho" line="48">
<kw name="Abrir o navegador" library="amazon" type="SETUP">
<kw name="Open Browser" library="SeleniumLibrary">
<arg>browser=chrome</arg>
<doc>Opens a new browser instance to the optional ``url``.</doc>
<msg timestamp="20230525 08:38:43.270" level="INFO">Opening browser 'chrome' to base url 'None'.</msg>
<status status="PASS" starttime="20230525 08:38:43.270" endtime="20230525 08:38:44.482"/>
</kw>
<status status="PASS" starttime="20230525 08:38:43.270" endtime="20230525 08:38:44.482"/>
</kw>
<kw name="Given Que Acesso a home page da amazon" library="amazon">
<kw name="Go To" library="SeleniumLibrary">
<arg>url=${URL}</arg>
<doc>Navigates the current browser window to the provided ``url``.</doc>
<msg timestamp="20230525 08:38:44.483" level="INFO">Opening url 'https://www.amazon.com.br/'</msg>
<status status="PASS" starttime="20230525 08:38:44.483" endtime="20230525 08:38:46.000"/>
</kw>
<kw name="Wait Until Element Is Visible" library="SeleniumLibrary">
<arg>locator=${OFERTADODIA}</arg>
<doc>Waits until the element ``locator`` is visible.</doc>
<status status="PASS" starttime="20230525 08:38:46.001" endtime="20230525 08:38:46.070"/>
</kw>
<status status="PASS" starttime="20230525 08:38:44.482" endtime="20230525 08:38:46.070"/>
</kw>
<kw name="And Pesquisar pelo produto &quot;Xbox Series S&quot;" library="amazon" sourcename="Pesquisar pelo produto &quot;${PRODUTO}&quot;">
<kw name="Input Text" library="SeleniumLibrary">
<arg>locator=id=twotabsearchtextbox</arg>
<arg>text=${PRODUTO}</arg>
<doc>Types the given ``text`` into the text field identified by ``locator``.</doc>
<msg timestamp="20230525 08:38:46.072" level="INFO">Typing text 'Xbox Series S' into text field 'id=twotabsearchtextbox'.</msg>
<status status="PASS" starttime="20230525 08:38:46.071" endtime="20230525 08:38:46.274"/>
</kw>
<kw name="Click Element" library="SeleniumLibrary">
<arg>locator=nav-search-submit-button</arg>
<doc>Click the element identified by ``locator``.</doc>
<msg timestamp="20230525 08:38:46.275" level="INFO">Clicking element 'nav-search-submit-button'.</msg>
<status status="PASS" starttime="20230525 08:38:46.274" endtime="20230525 08:38:46.416"/>
</kw>
<status status="PASS" starttime="20230525 08:38:46.071" endtime="20230525 08:38:46.416"/>
</kw>
<kw name="And Um produto da linha &quot;Console Xbox Series S&quot; deve ser mostrado na página" library="amazon" sourcename="Um produto da linha &quot;${PRODUTO}&quot; deve ser mostrado na página">
<kw name="Wait Until Element Is Visible" library="SeleniumLibrary">
<arg>locator=(//span[contains(.,'${PRODUTO}')])[2]</arg>
<doc>Waits until the element ``locator`` is visible.</doc>
<status status="PASS" starttime="20230525 08:38:46.417" endtime="20230525 08:38:47.798"/>
</kw>
<status status="PASS" starttime="20230525 08:38:46.417" endtime="20230525 08:38:47.798"/>
</kw>
<kw name="When Adicionar o produto &quot;Console Xbox Series S&quot; no carrinho" library="amazon">
<kw name="Click Image" library="SeleniumLibrary">
<arg>locator=//img[contains(@alt,'Console Xbox Series S')]</arg>
<doc>Clicks an image identified by ``locator``.</doc>
<msg timestamp="20230525 08:38:47.799" level="INFO">Clicking image '//img[contains(@alt,'Console Xbox Series S')]'.</msg>
<status status="PASS" starttime="20230525 08:38:47.799" endtime="20230525 08:38:51.946"/>
</kw>
<kw name="Wait Until Element Is Visible" library="SeleniumLibrary">
<arg>locator=${BOTAO_CARRINHO}</arg>
<doc>Waits until the element ``locator`` is visible.</doc>
<status status="PASS" starttime="20230525 08:38:51.946" endtime="20230525 08:38:51.988"/>
</kw>
<kw name="Click Button" library="SeleniumLibrary">
<arg>locator=${BOTAO_CARRINHO}</arg>
<doc>Clicks the button identified by ``locator``.</doc>
<msg timestamp="20230525 08:38:51.989" level="INFO">Clicking button 'add-to-cart-button'.</msg>
<status status="PASS" starttime="20230525 08:38:51.989" endtime="20230525 08:38:53.358"/>
</kw>
<status status="PASS" starttime="20230525 08:38:47.798" endtime="20230525 08:38:53.358"/>
</kw>
<kw name="And Verificar se o produto &quot;Console Xbox Series S&quot; foi adicionado com sucesso" library="amazon">
<kw name="Wait Until Element Is Visible" library="SeleniumLibrary">
<arg>locator=//span[contains(.,'Adicionado ao carrinho')]</arg>
<doc>Waits until the element ``locator`` is visible.</doc>
<status status="PASS" starttime="20230525 08:38:53.359" endtime="20230525 08:38:53.419"/>
</kw>
<status status="PASS" starttime="20230525 08:38:53.359" endtime="20230525 08:38:53.419"/>
</kw>
<kw name="Then Remover o produto &quot;Console Xbox Series S&quot; do carrinho" library="amazon">
<kw name="Click Element" library="SeleniumLibrary">
<arg>locator=//a[@data-csa-c-type='button']</arg>
<doc>Click the element identified by ``locator``.</doc>
<msg timestamp="20230525 08:38:53.420" level="INFO">Clicking element '//a[@data-csa-c-type='button']'.</msg>
<status status="PASS" starttime="20230525 08:38:53.420" endtime="20230525 08:38:55.265"/>
</kw>
<kw name="Wait Until Element Is Visible" library="SeleniumLibrary">
<arg>locator=//h1[contains(.,'Carrinho de compras')]</arg>
<doc>Waits until the element ``locator`` is visible.</doc>
<status status="PASS" starttime="20230525 08:38:55.265" endtime="20230525 08:38:55.330"/>
</kw>
<kw name="Click Element" library="SeleniumLibrary">
<arg>locator=//input[@value='Excluir']</arg>
<doc>Click the element identified by ``locator``.</doc>
<msg timestamp="20230525 08:38:55.331" level="INFO">Clicking element '//input[@value='Excluir']'.</msg>
<status status="PASS" starttime="20230525 08:38:55.330" endtime="20230525 08:38:55.468"/>
</kw>
<kw name="Wait Until Page Contains" library="SeleniumLibrary">
<arg>text=Seu carrinho de compras da Amazon está vazio.</arg>
<doc>Waits until ``text`` appears on the current page.</doc>
<status status="PASS" starttime="20230525 08:38:55.468" endtime="20230525 08:38:55.731"/>
</kw>
<status status="PASS" starttime="20230525 08:38:53.419" endtime="20230525 08:38:55.731"/>
</kw>
<kw name="Fechar o navegador" library="amazon" type="TEARDOWN">
<kw name="Capture Page Screenshot" library="SeleniumLibrary">
<doc>Takes a screenshot of the current page and embeds it into a log file.</doc>
<msg timestamp="20230525 08:38:55.876" level="INFO" html="true">&lt;/td&gt;&lt;/tr&gt;&lt;tr&gt;&lt;td colspan="3"&gt;&lt;a href="selenium-screenshot-39.png"&gt;&lt;img src="selenium-screenshot-39.png" width="800px"&gt;&lt;/a&gt;</msg>
<status status="PASS" starttime="20230525 08:38:55.732" endtime="20230525 08:38:55.876"/>
</kw>
<kw name="Close Browser" library="SeleniumLibrary">
<doc>Closes the current browser.</doc>
<status status="PASS" starttime="20230525 08:38:55.876" endtime="20230525 08:38:58.092"/>
</kw>
<status status="PASS" starttime="20230525 08:38:55.731" endtime="20230525 08:38:58.092"/>
</kw>
<doc>Esse teste verifica a remoção de um produto no carrinho de compras</doc>
<tag>remover_carrinho</tag>
<status status="PASS" starttime="20230525 08:38:43.269" endtime="20230525 08:38:58.092"/>
</test>
<doc>Essa suite testa o site da Amazon</doc>
<status status="PASS" starttime="20230525 08:38:43.051" endtime="20230525 08:38:58.094"/>
</suite>
<statistics>
<total>
<stat pass="1" fail="0" skip="0">All Tests</stat>
</total>
<tag>
<stat pass="1" fail="0" skip="0">remover_carrinho</stat>
</tag>
<suite>
<stat pass="1" fail="0" skip="0" id="s1" name="Amazon Teste">Amazon Teste</stat>
</suite>
</statistics>
<errors>
</errors>
</robot>
