<?xml version="1.0" encoding="UTF-8"?>
<robot generator="Robot 6.0.2 (Python 3.11.1 on win32)" generated="20230526 15:19:45.129" rpa="false" schemaversion="3">
<suite id="s1" name="Estruturasexercicio" source="C:\Users\andre.cosolin\Documents\André\ProjetoEstudoAutomacao\ExemplosEstruturas\estruturasexercicio.robot">
<test id="s1-t1" name="Teste de imprimir numeros quando solicitado" line="10">
<kw name="Imprimir somente os numero 5 e 10">
<kw name="Log To Console" library="BuiltIn">
<arg>${\n}</arg>
<doc>Logs the given message to the console.</doc>
<status status="PASS" starttime="20230526 15:19:45.162" endtime="20230526 15:19:45.162"/>
</kw>
<for flavor="IN">
<var>${numero}</var>
<value>${NUMEROS}</value>
<iter>
<var name="${numero}">['1', '2', '5', '9', '15', '3', '15', '10', '9']</var>
<if>
<branch type="IF" condition="${numero} == 5">
<kw name="Log To Console" library="BuiltIn">
<arg>Eu sou o número 5!</arg>
<doc>Logs the given message to the console.</doc>
<status status="NOT RUN" starttime="20230526 15:19:45.162" endtime="20230526 15:19:45.162"/>
</kw>
<status status="NOT RUN" starttime="20230526 15:19:45.162" endtime="20230526 15:19:45.162"/>
</branch>
<branch type="ELSE IF" condition="${numero} == 10">
<kw name="Log To Console" library="BuiltIn">
<arg>Eu sou o número 10!</arg>
<doc>Logs the given message to the console.</doc>
<status status="NOT RUN" starttime="20230526 15:19:45.163" endtime="20230526 15:19:45.163"/>
</kw>
<status status="NOT RUN" starttime="20230526 15:19:45.163" endtime="20230526 15:19:45.163"/>
</branch>
<branch type="ELSE">
<kw name="Log To Console" library="BuiltIn">
<arg>Eu não sou o número 5 e nem 10! ${\n} Sou o número ${numero}</arg>
<doc>Logs the given message to the console.</doc>
<status status="PASS" starttime="20230526 15:19:45.163" endtime="20230526 15:19:45.163"/>
</kw>
<status status="PASS" starttime="20230526 15:19:45.163" endtime="20230526 15:19:45.163"/>
</branch>
<status status="PASS" starttime="20230526 15:19:45.162" endtime="20230526 15:19:45.163"/>
</if>
<status status="PASS" starttime="20230526 15:19:45.162" endtime="20230526 15:19:45.163"/>
</iter>
<status status="PASS" starttime="20230526 15:19:45.162" endtime="20230526 15:19:45.163"/>
</for>
<status status="PASS" starttime="20230526 15:19:45.161" endtime="20230526 15:19:45.163"/>
</kw>
<status status="PASS" starttime="20230526 15:19:45.161" endtime="20230526 15:19:45.164"/>
</test>
<doc>Exercicio de repetições</doc>
<status status="PASS" starttime="20230526 15:19:45.132" endtime="20230526 15:19:45.164"/>
</suite>
<statistics>
<total>
<stat pass="1" fail="0" skip="0">All Tests</stat>
</total>
<tag>
</tag>
<suite>
<stat pass="1" fail="0" skip="0" id="s1" name="Estruturasexercicio">Estruturasexercicio</stat>
</suite>
</statistics>
<errors>
</errors>
</robot>
